Determining if the pthread_create exist failed with the following output:
Change Dir: /home/robotics/SLAM_Study/Dense_SLAM/cmake-build-debug/CMakeFiles/CMakeTmp

Run Build Command:"/usr/bin/make" "cmTC_cfbb4/fast"
/usr/bin/make -f CMakeFiles/cmTC_cfbb4.dir/build.make CMakeFiles/cmTC_cfbb4.dir/build
make[1]: Entering directory '/home/robotics/SLAM_Study/Dense_SLAM/cmake-build-debug/CMakeFiles/CMakeTmp'
Building C object CMakeFiles/cmTC_cfbb4.dir/CheckSymbolExists.c.o
/usr/bin/cc   -fPIC    -o CMakeFiles/cmTC_cfbb4.dir/CheckSymbolExists.c.o   -c /home/robotics/SLAM_Study/Dense_SLAM/cmake-build-debug/CMakeFiles/CMakeTmp/CheckSymbolExists.c
Linking C executable cmTC_cfbb4
/home/robotics/Downloads/clion-2018.3.4/bin/cmake/linux/bin/cmake -E cmake_link_script CMakeFiles/cmTC_cfbb4.dir/link.txt --verbose=1
/usr/bin/cc -fPIC     -rdynamic CMakeFiles/cmTC_cfbb4.dir/CheckSymbolExists.c.o  -o cmTC_cfbb4 
CMakeFiles/cmTC_cfbb4.dir/CheckSymbolExists.c.o: In function `main':
CheckSymbolExists.c:(.text+0x1b): undefined reference to `pthread_create'
collect2: error: ld returned 1 exit status
CMakeFiles/cmTC_cfbb4.dir/build.make:86: recipe for target 'cmTC_cfbb4' failed
make[1]: *** [cmTC_cfbb4] Error 1
make[1]: Leaving directory '/home/robotics/SLAM_Study/Dense_SLAM/cmake-build-debug/CMakeFiles/CMakeTmp'
Makefile:121: recipe for target 'cmTC_cfbb4/fast' failed
make: *** [cmTC_cfbb4/fast] Error 2

File /home/robotics/SLAM_Study/Dense_SLAM/cmake-build-debug/CMakeFiles/CMakeTmp/CheckSymbolExists.c:
/* */
#include <pthread.h>

int main(int argc, char** argv)
{
  (void)argv;
#ifndef pthread_create
  return ((int*)(&pthread_create))[argc];
#else
  (void)argc;
  return 0;
#endif
}

Determining if the function pthread_create exists in the pthreads failed with the following output:
Change Dir: /home/robotics/SLAM_Study/Dense_SLAM/cmake-build-debug/CMakeFiles/CMakeTmp

Run Build Command:"/usr/bin/make" "cmTC_3d43d/fast"
/usr/bin/make -f CMakeFiles/cmTC_3d43d.dir/build.make CMakeFiles/cmTC_3d43d.dir/build
make[1]: Entering directory '/home/robotics/SLAM_Study/Dense_SLAM/cmake-build-debug/CMakeFiles/CMakeTmp'
Building C object CMakeFiles/cmTC_3d43d.dir/CheckFunctionExists.c.o
/usr/bin/cc   -fPIC -DCHECK_FUNCTION_EXISTS=pthread_create   -o CMakeFiles/cmTC_3d43d.dir/CheckFunctionExists.c.o   -c /home/robotics/Downloads/clion-2018.3.4/bin/cmake/linux/share/cmake-3.13/Modules/CheckFunctionExists.c
Linking C executable cmTC_3d43d
/home/robotics/Downloads/clion-2018.3.4/bin/cmake/linux/bin/cmake -E cmake_link_script CMakeFiles/cmTC_3d43d.dir/link.txt --verbose=1
/usr/bin/cc -fPIC -DCHECK_FUNCTION_EXISTS=pthread_create    -rdynamic CMakeFiles/cmTC_3d43d.dir/CheckFunctionExists.c.o  -o cmTC_3d43d -lpthreads 
/usr/bin/ld: cannot find -lpthreads
collect2: error: ld returned 1 exit status
CMakeFiles/cmTC_3d43d.dir/build.make:86: recipe for target 'cmTC_3d43d' failed
make[1]: *** [cmTC_3d43d] Error 1
make[1]: Leaving directory '/home/robotics/SLAM_Study/Dense_SLAM/cmake-build-debug/CMakeFiles/CMakeTmp'
Makefile:121: recipe for target 'cmTC_3d43d/fast' failed
make: *** [cmTC_3d43d/fast] Error 2


